<?xml version="1.0" encoding="UTF-8"?>
<!-- Generated by org.testng.reporters.JUnitReportReporter -->
<testsuite hostname="DESKTOP-U2D6VLC" failures="0" tests="2" name="ruuner.TestRunner" time="170.529" errors="0" timestamp="2022-01-21T13:23:56 IST" skipped="0">
  <testcase classname="ruuner.TestRunner" name="runScenario" time="95.180"/>
  <system-out/>
  <testcase classname="ruuner.TestRunner" name="runScenario" time="75.349"/>
  <system-out/>
</testsuite> <!-- ruuner.TestRunner -->
